<?xml version="1.0" encoding="UTF-8"?>
<!-- Generated by org.testng.reporters.JUnitXMLReporter -->
<testsuite ignored="1" hostname="DESKTOP-KULDIP" failures="0" tests="2" name="Default test" time="0.915" errors="0" timestamp="2023-10-12T11:16:56 IST">
  <testcase classname="com.artoftesting.base.TestBase" name="@BeforeSuite suiteSetup" time="3.609">
    <failure type="org.openqa.selenium.SessionNotCreatedException" message="session not created: This version of ChromeDriver only supports Chrome version 114
Current browser version is 118.0.5993.70 with binary path C:\Program Files\Google\Chrome\Application\chrome.exe
Build info: version: &amp;apos;3.141.59&amp;apos;, revision: &amp;apos;e82be7d358&amp;apos;, time: &amp;apos;2018-11-14T08:17:03&amp;apos;
System info: host: &amp;apos;DESKTOP-KULDIP&amp;apos;, ip: &amp;apos;192.168.1.182&amp;apos;, os.name: &amp;apos;Windows 10&amp;apos;, os.arch: &amp;apos;amd64&amp;apos;, os.version: &amp;apos;10.0&amp;apos;, java.version: &amp;apos;20.0.2&amp;apos;
Driver info: driver.version: ChromeDriver
remote stacktrace: Backtrace:
	GetHandleVerifier [0x0097A813+48355]
	(No symbol) [0x0090C4B1]
	(No symbol) [0x00815358]
	(No symbol) [0x008361AC]
	(No symbol) [0x00831EF3]
	(No symbol) [0x00830579]
	(No symbol) [0x00860C55]
	(No symbol) [0x0086093C]
	(No symbol) [0x0085A536]
	(No symbol) [0x008382DC]
	(No symbol) [0x008393DD]
	GetHandleVerifier [0x00BDAABD+2539405]
	GetHandleVerifier [0x00C1A78F+2800735]
	GetHandleVerifier [0x00C1456C+2775612]
	GetHandleVerifier [0x00A051E0+616112]
	(No symbol) [0x00915F8C]
	(No symbol) [0x00912328]
	(No symbol) [0x0091240B]
	(No symbol) [0x00904FF7]
	(No symbol) [0x755DFCC9]
	RtlGetAppContainerNamedObjectPath [0x77697B1E+286]
	RtlGetAppContainerNamedObjectPath [0x77697AEE+238]
">
      <![CDATA[org.openqa.selenium.SessionNotCreatedException: session not created: This version of ChromeDriver only supports Chrome version 114
Current browser version is 118.0.5993.70 with binary path C:\Program Files\Google\Chrome\Application\chrome.exe
Build info: version: '3.141.59', revision: 'e82be7d358', time: '2018-11-14T08:17:03'
System info: host: 'DESKTOP-KULDIP', ip: '192.168.1.182', os.name: 'Windows 10', os.arch: 'amd64', os.version: '10.0', java.version: '20.0.2'
Driver info: driver.version: ChromeDriver
remote stacktrace: Backtrace:
GetHandleVerifier [0x0097A813+48355]
(No symbol) [0x0090C4B1]
(No symbol) [0x00815358]
(No symbol) [0x008361AC]
(No symbol) [0x00831EF3]
(No symbol) [0x00830579]
(No symbol) [0x00860C55]
(No symbol) [0x0086093C]
(No symbol) [0x0085A536]
(No symbol) [0x008382DC]
(No symbol) [0x008393DD]
GetHandleVerifier [0x00BDAABD+2539405]
GetHandleVerifier [0x00C1A78F+2800735]
GetHandleVerifier [0x00C1456C+2775612]
GetHandleVerifier [0x00A051E0+616112]
(No symbol) [0x00915F8C]
(No symbol) [0x00912328]
(No symbol) [0x0091240B]
(No symbol) [0x00904FF7]
(No symbol) [0x755DFCC9]
RtlGetAppContainerNamedObjectPath [0x77697B1E+286]
RtlGetAppContainerNamedObjectPath [0x77697AEE+238]

at java.base/jdk.internal.reflect.DirectConstructorHandleAccessor.newInstance(DirectConstructorHandleAccessor.java:67)
at java.base/java.lang.reflect.Constructor.newInstanceWithCaller(Constructor.java:500)
at java.base/java.lang.reflect.Constructor.newInstance(Constructor.java:484)
at org.openqa.selenium.remote.W3CHandshakeResponse.lambda$errorHandler$0(W3CHandshakeResponse.java:62)
at org.openqa.selenium.remote.HandshakeResponse.lambda$getResponseFunction$0(HandshakeResponse.java:30)
at org.openqa.selenium.remote.ProtocolHandshake.lambda$createSession$0(ProtocolHandshake.java:126)
at java.base/java.util.stream.ReferencePipeline$3$1.accept(ReferencePipeline.java:197)
at java.base/java.util.Spliterators$ArraySpliterator.tryAdvance(Spliterators.java:1016)
at java.base/java.util.stream.ReferencePipeline.forEachWithCancel(ReferencePipeline.java:129)
at java.base/java.util.stream.AbstractPipeline.copyIntoWithCancel(AbstractPipeline.java:527)
at java.base/java.util.stream.AbstractPipeline.copyInto(AbstractPipeline.java:513)
at java.base/java.util.stream.AbstractPipeline.wrapAndCopyInto(AbstractPipeline.java:499)
at java.base/java.util.stream.FindOps$FindOp.evaluateSequential(FindOps.java:150)
at java.base/java.util.stream.AbstractPipeline.evaluate(AbstractPipeline.java:234)
at java.base/java.util.stream.ReferencePipeline.findFirst(ReferencePipeline.java:647)
at org.openqa.selenium.remote.ProtocolHandshake.createSession(ProtocolHandshake.java:128)
at org.openqa.selenium.remote.ProtocolHandshake.createSession(ProtocolHandshake.java:74)
at org.openqa.selenium.remote.HttpCommandExecutor.execute(HttpCommandExecutor.java:136)
at org.openqa.selenium.remote.service.DriverCommandExecutor.execute(DriverCommandExecutor.java:83)
at org.openqa.selenium.remote.RemoteWebDriver.execute(RemoteWebDriver.java:552)
at org.openqa.selenium.remote.RemoteWebDriver.startSession(RemoteWebDriver.java:213)
at org.openqa.selenium.remote.RemoteWebDriver.<init>(RemoteWebDriver.java:131)
at org.openqa.selenium.chrome.ChromeDriver.<init>(ChromeDriver.java:181)
at org.openqa.selenium.chrome.ChromeDriver.<init>(ChromeDriver.java:168)
at org.openqa.selenium.chrome.ChromeDriver.<init>(ChromeDriver.java:157)
at com.artoftesting.base.TestBase.suiteSetup(TestBase.java:65)
at java.base/jdk.internal.reflect.DirectMethodHandleAccessor.invoke(DirectMethodHandleAccessor.java:104)
at java.base/java.lang.reflect.Method.invoke(Method.java:578)
at org.testng.internal.invokers.MethodInvocationHelper.invokeMethod(MethodInvocationHelper.java:139)
at org.testng.internal.invokers.MethodInvocationHelper.invokeMethodConsideringTimeout(MethodInvocationHelper.java:69)
at org.testng.internal.invokers.ConfigInvoker.invokeConfigurationMethod(ConfigInvoker.java:390)
at org.testng.internal.invokers.ConfigInvoker.invokeConfigurations(ConfigInvoker.java:325)
at org.testng.SuiteRunner.privateRun(SuiteRunner.java:382)
at org.testng.SuiteRunner.run(SuiteRunner.java:336)
at org.testng.SuiteRunnerWorker.runSuite(SuiteRunnerWorker.java:52)
at org.testng.SuiteRunnerWorker.run(SuiteRunnerWorker.java:95)
at org.testng.TestNG.runSuitesSequentially(TestNG.java:1280)
at org.testng.TestNG.runSuitesLocally(TestNG.java:1200)
at org.testng.TestNG.runSuites(TestNG.java:1114)
at org.testng.TestNG.run(TestNG.java:1082)
at org.testng.remote.AbstractRemoteTestNG.run(AbstractRemoteTestNG.java:115)
at org.testng.remote.RemoteTestNG.initAndRun(RemoteTestNG.java:251)
at org.testng.remote.RemoteTestNG.main(RemoteTestNG.java:77)
]]>
    </failure>
  </testcase> <!-- @BeforeSuite suiteSetup -->
  <testcase classname="com.artoftesting.base.TestBase" name="@BeforeMethod loadBaseUrl" time="0.0">
    <skipped/>
  </testcase> <!-- @BeforeMethod loadBaseUrl -->
  <testcase classname="com.artoftesting.base.TestBase" name="@AfterMethod screenshotAndDeleteCookies" time="0.0">
    <skipped/>
  </testcase> <!-- @AfterMethod screenshotAndDeleteCookies -->
  <testcase classname="com.artoftesting.base.TestBase" name="@BeforeMethod loadBaseUrl" time="0.0">
    <skipped/>
  </testcase> <!-- @BeforeMethod loadBaseUrl -->
  <testcase classname="com.artoftesting.base.TestBase" name="@AfterMethod screenshotAndDeleteCookies" time="0.0">
    <skipped/>
  </testcase> <!-- @AfterMethod screenshotAndDeleteCookies -->
  <testcase classname="com.artoftesting.test.SauceDemoLoginTest" name="tempTest" time="0.0">
    <skipped/>
  </testcase> <!-- tempTest -->
  <testcase classname="com.artoftesting.test.SauceDemoLoginTest" name="tempTest" time="0.0">
    <skipped/>
  </testcase> <!-- tempTest -->
  <testcase classname="com.artoftesting.test.SauceDemoLoginTest" name="loginTest" time="0.0">
    <ignored/>
  </testcase> <!-- loginTest -->
</testsuite> <!-- Default test -->
